     1                                  section .data
     2 00000000 48656C6C6F2C20576F-         message1        db  "Hello, World!",10,0
     2 00000009 726C64210A00       
     3                                      message1_len    equ $-message1
     4                                      
     5 0000000F 456E74657220546578-         message2        db  "Enter Text: ",0
     5 00000018 743A2000           
     6                                      message2_len    equ $-message2
     7                                      
     8 0000001C 596F757220496E7075-         message3        db  "Your Input: ",0
     8 00000025 743A2000           
     9                                      message3_len    equ $-message3
    10                                      
    11                                      input_lenght    equ 10
    12                                      
    13                                  section .bss
    14 00000000 <res Bh>                    input   resb    input_lenght+1
    15                                      
    16                                  section .text
    17                                  global main
    18                                  
    19                                  main:
    20 00000000 55                          push    rbp
    21 00000001 4889E5                      mov     rbp,    rsp
    22                                      
    23 00000004 48BE-                       mov     rsi,    message1
    23 00000006 [0000000000000000] 
    24 0000000E BA0F000000                  mov     rdx,    message1_len
    25 00000013 E852000000                  call    prints
    26                                      
    27 00000018 48BE-                       mov     rsi,    message2
    27 0000001A [0F00000000000000] 
    28 00000022 BA0D000000                  mov     rdx,    message2_len
    29 00000027 E83E000000                  call    prints
    30                                      
    31 0000002C 48BE-                       mov     rsi,    input   
    31 0000002E [0000000000000000] 
    32 00000036 BA0A000000                  mov     rdx,    input_lenght
    33 0000003B E83C000000                  call    reads
    34                                      
    35 00000040 48BE-                       mov     rsi,    message3
    35 00000042 [1C00000000000000] 
    36 0000004A BA0D000000                  mov     rdx,    message3_len
    37 0000004F E816000000                  call    prints
    38                                      
    39 00000054 48BE-                       mov     rsi,    input
    39 00000056 [0000000000000000] 
    40 0000005E BA0A000000                  mov     rdx,    input_lenght
    41 00000063 E802000000                  call    prints
    42                                     
    43 00000068 C9                          leave
    44 00000069 C3                          ret
    45                                      
    46                                  prints:
    47 0000006A 55                          push    rbp
    48 0000006B 4889E5                      mov     rbp,    rsp
    49                                      
    50 0000006E B801000000                  mov     rax,    1
    51 00000073 BF01000000                  mov     rdi,    1
    52 00000078 0F05                        syscall
    53                                      
    54 0000007A C9                          leave
    55 0000007B C3                          ret
    56                                      
    57                                     
    58                                  reads:
    59 0000007C 55                          push    rbp
    60 0000007D 4889E5                      mov     rbp,    rsp
    61                                      
    62 00000080 B800000000                  mov     rax,    0
    63 00000085 BF00000000                  mov     rdi,    0
    64 0000008A 0F05                        syscall
    65                                      
    66 0000008C C9                          leave
    67 0000008D C3                          ret 
    68                                     
    69                                  
    70                                  
    71                                  
    72                                  
    73                                  
    74                                  
